<?xml version="1.0" encoding="UTF-8"?>
<!-- Generated by org.testng.reporters.JUnitXMLReporter -->
<testsuite ignored="0" hostname="Sciencefreek" failures="0" tests="1" name="Test1" time="0.066" errors="0" timestamp="2023-12-04T16:19:42 IST">
  <testcase classname="spicejet_testscripts.TestScript_usingCrossBrowse" name="@BeforeMethod launchBrowser" time="-1.701686982403E9">
    <failure type="org.testng.TestNGException" message="
Parameter &amp;apos;browser&amp;apos; is required by BeforeMethod on method launchBrowser but has not been marked @Optional or defined
in C:\Users\arvin\eclipse-workspace\project2_spicejet\testngTC1.xml">
      <![CDATA[org.testng.TestNGException: 
Parameter 'browser' is required by BeforeMethod on method launchBrowser but has not been marked @Optional or defined
in C:\Users\arvin\eclipse-workspace\project2_spicejet\testngTC1.xml
at java.base/java.util.concurrent.ThreadPoolExecutor.runWorker(ThreadPoolExecutor.java:1136)
at java.base/java.util.concurrent.ThreadPoolExecutor$Worker.run(ThreadPoolExecutor.java:635)
at java.base/java.lang.Thread.run(Thread.java:842)
... Removed 13 stack frames]]>
    </failure>
  </testcase> <!-- @BeforeMethod launchBrowser -->
  <testcase classname="spicejet_testscripts.TestScript_usingCrossBrowse" name="validateTitle" time="0.001">
    <skipped/>
  </testcase> <!-- validateTitle -->
</testsuite> <!-- Test1 -->
